<?xml version="1.0" encoding="UTF-8"?>
<!-- Generated by org.testng.reporters.JUnitReportReporter -->
<testsuite hostname="LAPTOP-032GO6UI" failures="0" tests="2" name="amazonTest.MyTest" time="16.915" errors="0" timestamp="2022-05-02T00:28:25 IST" skipped="0">
  <testcase classname="amazonTest.MyTest" name="ProductLandingPage" time="13.831"/>
  <system-out/>
  <testcase classname="amazonTest.MyTest" name="Homepage_NavigationActions" time="3.084"/>
  <system-out/>
</testsuite> <!-- amazonTest.MyTest -->
