<?xml version="1.0" encoding="UTF-8"?>
<!-- Generated by org.testng.reporters.JUnitReportReporter -->
<testsuite hostname="LAPTOP-032GO6UI" failures="0" tests="2" name="amazonTest.MyTest" time="19.255" errors="0" timestamp="01 May 2022 19:17:06 GMT" skipped="0">
  <testcase classname="amazonTest.MyTest" name="Homepage_NavigationActions" time="7.761"/>
  <testcase classname="amazonTest.MyTest" name="ProductLandingPage" time="11.494"/>
</testsuite> <!-- amazonTest.MyTest -->
